\BOOKMARK [1][-]{section*.1}{\376\377\000Q\0001}{}% 1
\BOOKMARK [2][-]{section*.2}{\376\377\000p\000a\000r\000t\000\040\000A}{section*.1}% 2
\BOOKMARK [2][-]{section*.3}{\376\377\000p\000a\000r\000t\000\040\000B}{section*.1}% 3
\BOOKMARK [2][-]{section*.4}{\376\377\000p\000a\000r\000t\000\040\000C}{section*.1}% 4
\BOOKMARK [2][-]{section*.5}{\376\377\000p\000a\000r\000t\000\040\000D}{section*.1}% 5
\BOOKMARK [1][-]{section*.6}{\376\377\000Q\0002}{}% 6
\BOOKMARK [2][-]{section*.7}{\376\377\000p\000a\000r\000t\000\040\000a}{section*.6}% 7
\BOOKMARK [2][-]{section*.8}{\376\377\000p\000a\000r\000t\000\040\000b}{section*.6}% 8
\BOOKMARK [2][-]{section*.9}{\376\377\000p\000a\000r\000t\000\040\000c}{section*.6}% 9
\BOOKMARK [2][-]{section*.10}{\376\377\000p\000a\000r\000t\000\040\000d}{section*.6}% 10
\BOOKMARK [1][-]{section*.11}{\376\377\000Q\0003}{}% 11
\BOOKMARK [2][-]{section*.12}{\376\377\000p\000a\000r\000t\000\040\000a}{section*.11}% 12
\BOOKMARK [2][-]{section*.13}{\376\377\000p\000a\000r\000t\000\040\000b}{section*.11}% 13
\BOOKMARK [2][-]{section*.14}{\376\377\000p\000a\000r\000t\000\040\000c}{section*.11}% 14
\BOOKMARK [1][-]{section*.15}{\376\377\000Q\0004}{}% 15
\BOOKMARK [2][-]{section*.16}{\376\377\000p\000a\000r\000t\000\040\000a}{section*.15}% 16
\BOOKMARK [2][-]{section*.17}{\376\377\000p\000a\000r\000t\000\040\000b}{section*.15}% 17
\BOOKMARK [2][-]{section*.18}{\376\377\000p\000a\000r\000t\000\040\000c}{section*.15}% 18
\BOOKMARK [2][-]{section*.19}{\376\377\000p\000a\000r\000t\000\040\000d}{section*.15}% 19
\BOOKMARK [2][-]{section*.20}{\376\377\000p\000a\000r\000t\000\040\000e}{section*.15}% 20
